<?xml version="1.0" encoding="UTF-8"?>
<!-- Generated by org.testng.reporters.JUnitReportReporter -->
<testsuite hostname="DESKTOP-EVK9GMC" failures="0" tests="1" name="demo.Test1" time="0.029" errors="0" timestamp="2021-03-16T10:08:12 IST" skipped="0">
  <testcase classname="demo.Test1" name="demo" time="0.029"/>
</testsuite> <!-- demo.Test1 -->
