<?xml version="1.0" encoding="UTF-8"?>
<!-- Generated by org.testng.reporters.JUnitReportReporter -->
<testsuite hostname="DESKTOP-EVK9GMC" failures="0" tests="1" name="tc.Testcase1" time="11.103" errors="0" timestamp="2021-03-17T09:20:48 IST" skipped="0">
  <testcase classname="tc.Testcase1" name="login" time="11.103"/>
</testsuite> <!-- tc.Testcase1 -->
