<?xml version="1.0" encoding="UTF-8"?>
<!-- Generated by org.testng.reporters.JUnitReportReporter -->
<testsuite hostname="DESKTOP-EVK9GMC" failures="0" tests="1" name="tc.Testcase2" time="12.225" errors="0" timestamp="2021-03-17T09:20:48 IST" skipped="0">
  <testcase classname="tc.Testcase2" name="createApage" time="12.225"/>
</testsuite> <!-- tc.Testcase2 -->
