<?xml version="1.0" encoding="UTF-8"?>
<!-- Generated by org.testng.reporters.JUnitReportReporter -->
<testsuite hostname="DESKTOP-EVK9GMC" failures="0" tests="1" name="demo.Test3" time="0.014" errors="0" timestamp="2021-03-17T10:03:46 IST" skipped="0">
  <testcase classname="demo.Test3" name="test" time="0.014"/>
</testsuite> <!-- demo.Test3 -->
