<?xml version="1.0" encoding="UTF-8"?>
<!-- Generated by org.testng.reporters.JUnitReportReporter -->
<testsuite hostname="DESKTOP-EVK9GMC" failures="0" tests="1" name="tc.Tc3" time="13.588" errors="0" timestamp="2021-03-17T09:20:48 IST" skipped="0">
  <testcase classname="tc.Tc3" name="validlogi" time="13.588"/>
</testsuite> <!-- tc.Tc3 -->
