<?xml version="1.0" encoding="UTF-8"?>
<!-- Generated by org.testng.reporters.JUnitReportReporter -->
<testsuite hostname="DESKTOP-EVK9GMC" failures="0" tests="1" name="demo.Test2" time="0.031" errors="0" timestamp="2021-03-16T10:11:22 IST" skipped="0">
  <testcase classname="demo.Test2" name="sample" time="0.031"/>
</testsuite> <!-- demo.Test2 -->
