<?xml version="1.0" encoding="UTF-8"?>
<!-- Generated by org.testng.reporters.JUnitReportReporter -->
<testsuite hostname="DESKTOP-EVK9GMC" failures="0" tests="7" name="tc.Tc1" time="0.062" errors="0" timestamp="2021-03-17T09:51:23 IST" skipped="1">
  <testcase classname="tc.Tc1" name="chats" time="0.034"/>
  <testcase classname="tc.Tc1" name="calls" time="0.002"/>
  <testcase classname="tc.Tc1" name="calls" time="0.005"/>
  <testcase classname="tc.Tc1" name="calls" time="0.005"/>
  <testcase classname="tc.Tc1" name="calls" time="0.004"/>
  <testcase classname="tc.Tc1" name="calls" time="0.012"/>
  <testcase classname="tc.Tc1" name="blocks">
    <skipped/>
  </testcase> <!-- blocks -->
</testsuite> <!-- tc.Tc1 -->
